c:\prywatne\grochowski\invaders\invaders\debug\invaders.pch
c:\prywatne\grochowski\invaders\invaders\debug\stdafx.obj
c:\prywatne\grochowski\invaders\invaders\debug\vc110.pdb
c:\prywatne\grochowski\invaders\invaders\debug\invaders.obj
c:\prywatne\grochowski\invaders\debug\invaders.ilk
c:\prywatne\grochowski\invaders\debug\invaders.exe
c:\prywatne\grochowski\invaders\debug\invaders.pdb
c:\prywatne\grochowski\invaders\invaders\debug\invaders.res
c:\users\marek\zajecia\winprog_2018_1\z_zajec\invaders\invaders\debug\invaders.pch
c:\users\marek\zajecia\winprog_2018_1\z_zajec\invaders\invaders\debug\vc141.pdb
c:\users\marek\zajecia\winprog_2018_1\z_zajec\invaders\invaders\debug\vc141.idb
c:\users\marek\zajecia\winprog_2018_1\z_zajec\invaders\invaders\debug\stdafx.obj
c:\users\marek\zajecia\winprog_2018_1\z_zajec\invaders\invaders\debug\invaders.obj
c:\users\marek\zajecia\winprog_2018_1\z_zajec\invaders\debug\invaders.exe
c:\users\marek\zajecia\winprog_2018_1\z_zajec\invaders\debug\invaders.ilk
c:\users\marek\zajecia\winprog_2018_1\z_zajec\invaders\debug\invaders.pdb
c:\users\marek\zajecia\winprog_2018_1\z_zajec\invaders\invaders\debug\invaders.res
c:\users\marek\zajecia\winprog_2018_1\z_zajec\invaders\invaders\debug\cl.command.1.tlog
c:\users\marek\zajecia\winprog_2018_1\z_zajec\invaders\invaders\debug\cl.read.1.tlog
c:\users\marek\zajecia\winprog_2018_1\z_zajec\invaders\invaders\debug\cl.write.1.tlog
c:\users\marek\zajecia\winprog_2018_1\z_zajec\invaders\invaders\debug\link-cvtres.read.1.tlog
c:\users\marek\zajecia\winprog_2018_1\z_zajec\invaders\invaders\debug\link-cvtres.write.1.tlog
c:\users\marek\zajecia\winprog_2018_1\z_zajec\invaders\invaders\debug\link-rc.read.1.tlog
c:\users\marek\zajecia\winprog_2018_1\z_zajec\invaders\invaders\debug\link-rc.write.1.tlog
c:\users\marek\zajecia\winprog_2018_1\z_zajec\invaders\invaders\debug\link.5116-cvtres.read.1.tlog
c:\users\marek\zajecia\winprog_2018_1\z_zajec\invaders\invaders\debug\link.5116-cvtres.write.1.tlog
c:\users\marek\zajecia\winprog_2018_1\z_zajec\invaders\invaders\debug\link.5116-rc.read.1.tlog
c:\users\marek\zajecia\winprog_2018_1\z_zajec\invaders\invaders\debug\link.5116-rc.write.1.tlog
c:\users\marek\zajecia\winprog_2018_1\z_zajec\invaders\invaders\debug\link.5116.read.1.tlog
c:\users\marek\zajecia\winprog_2018_1\z_zajec\invaders\invaders\debug\link.5116.write.1.tlog
c:\users\marek\zajecia\winprog_2018_1\z_zajec\invaders\invaders\debug\link.7324-cvtres.read.1.tlog
c:\users\marek\zajecia\winprog_2018_1\z_zajec\invaders\invaders\debug\link.7324-cvtres.write.1.tlog
c:\users\marek\zajecia\winprog_2018_1\z_zajec\invaders\invaders\debug\link.7324-rc.read.1.tlog
c:\users\marek\zajecia\winprog_2018_1\z_zajec\invaders\invaders\debug\link.7324-rc.write.1.tlog
c:\users\marek\zajecia\winprog_2018_1\z_zajec\invaders\invaders\debug\link.7324.read.1.tlog
c:\users\marek\zajecia\winprog_2018_1\z_zajec\invaders\invaders\debug\link.7324.write.1.tlog
c:\users\marek\zajecia\winprog_2018_1\z_zajec\invaders\invaders\debug\link.7844-cvtres.read.1.tlog
c:\users\marek\zajecia\winprog_2018_1\z_zajec\invaders\invaders\debug\link.7844-cvtres.write.1.tlog
c:\users\marek\zajecia\winprog_2018_1\z_zajec\invaders\invaders\debug\link.7844-rc.read.1.tlog
c:\users\marek\zajecia\winprog_2018_1\z_zajec\invaders\invaders\debug\link.7844-rc.write.1.tlog
c:\users\marek\zajecia\winprog_2018_1\z_zajec\invaders\invaders\debug\link.7844.read.1.tlog
c:\users\marek\zajecia\winprog_2018_1\z_zajec\invaders\invaders\debug\link.7844.write.1.tlog
c:\users\marek\zajecia\winprog_2018_1\z_zajec\invaders\invaders\debug\link.command.1.tlog
c:\users\marek\zajecia\winprog_2018_1\z_zajec\invaders\invaders\debug\link.read.1.tlog
c:\users\marek\zajecia\winprog_2018_1\z_zajec\invaders\invaders\debug\link.write.1.tlog
c:\users\marek\zajecia\winprog_2018_1\z_zajec\invaders\invaders\debug\rc.command.1.tlog
c:\users\marek\zajecia\winprog_2018_1\z_zajec\invaders\invaders\debug\rc.read.1.tlog
c:\users\marek\zajecia\winprog_2018_1\z_zajec\invaders\invaders\debug\rc.write.1.tlog
c:\users\marek\zajecia\winprog_2018_1\z_zajec\invaders\invaders\debug\vc110.idb
c:\users\marek\zajecia\winprog_2018_1\z_zajec\invaders\invaders\debug\vc110.pdb
c:\users\marek\zajecia\winprog_2018_1\z_zajec\invaders\invaders\debug\invaders.tlog\cl.command.1.tlog
c:\users\marek\zajecia\winprog_2018_1\z_zajec\invaders\invaders\debug\invaders.tlog\cl.read.1.tlog
c:\users\marek\zajecia\winprog_2018_1\z_zajec\invaders\invaders\debug\invaders.tlog\cl.write.1.tlog
c:\users\marek\zajecia\winprog_2018_1\z_zajec\invaders\invaders\debug\invaders.tlog\link.command.1.tlog
c:\users\marek\zajecia\winprog_2018_1\z_zajec\invaders\invaders\debug\invaders.tlog\link.read.1.tlog
c:\users\marek\zajecia\winprog_2018_1\z_zajec\invaders\invaders\debug\invaders.tlog\link.write.1.tlog
c:\users\marek\zajecia\winprog_2018_1\z_zajec\invaders\invaders\debug\invaders.tlog\rc.command.1.tlog
c:\users\marek\zajecia\winprog_2018_1\z_zajec\invaders\invaders\debug\invaders.tlog\rc.read.1.tlog
c:\users\marek\zajecia\winprog_2018_1\z_zajec\invaders\invaders\debug\invaders.tlog\rc.write.1.tlog
